Determining if the log exist failed with the following output:
Change Dir: /home/tgcrystal/college/tmp/cmake/Help/guide/tutorial/Step5_build/CMakeFiles/CMakeTmp

Run Build Command(s):/usr/bin/make cmTC_15db7/fast && make[1]: Entering directory '/home/tgcrystal/college/tmp/cmake/Help/guide/tutorial/Step5_build/CMakeFiles/CMakeTmp'
/usr/bin/make  -f CMakeFiles/cmTC_15db7.dir/build.make CMakeFiles/cmTC_15db7.dir/build
make[2]: Entering directory '/home/tgcrystal/college/tmp/cmake/Help/guide/tutorial/Step5_build/CMakeFiles/CMakeTmp'
Building C object CMakeFiles/cmTC_15db7.dir/CheckSymbolExists.c.o
/usr/bin/cc    -o CMakeFiles/cmTC_15db7.dir/CheckSymbolExists.c.o -c /home/tgcrystal/college/tmp/cmake/Help/guide/tutorial/Step5_build/CMakeFiles/CMakeTmp/CheckSymbolExists.c
Linking C executable cmTC_15db7
/home/tgcrystal/.local/lib/python3.8/site-packages/cmake/data/bin/cmake -E cmake_link_script CMakeFiles/cmTC_15db7.dir/link.txt --verbose=1
/usr/bin/cc CMakeFiles/cmTC_15db7.dir/CheckSymbolExists.c.o -o cmTC_15db7 
/usr/bin/ld: CMakeFiles/cmTC_15db7.dir/CheckSymbolExists.c.o: in function `main':
CheckSymbolExists.c:(.text+0x1f): undefined reference to `log'
collect2: error: ld returned 1 exit status
make[2]: *** [CMakeFiles/cmTC_15db7.dir/build.make:106: cmTC_15db7] Error 1
make[2]: Leaving directory '/home/tgcrystal/college/tmp/cmake/Help/guide/tutorial/Step5_build/CMakeFiles/CMakeTmp'
make[1]: *** [Makefile:140: cmTC_15db7/fast] Error 2
make[1]: Leaving directory '/home/tgcrystal/college/tmp/cmake/Help/guide/tutorial/Step5_build/CMakeFiles/CMakeTmp'


File /home/tgcrystal/college/tmp/cmake/Help/guide/tutorial/Step5_build/CMakeFiles/CMakeTmp/CheckSymbolExists.c:
/* */
#include <math.h>

int main(int argc, char** argv)
{
  (void)argv;
#ifndef log
  return ((int*)(&log))[argc];
#else
  (void)argc;
  return 0;
#endif
}
Determining if the exp exist failed with the following output:
Change Dir: /home/tgcrystal/college/tmp/cmake/Help/guide/tutorial/Step5_build/CMakeFiles/CMakeTmp

Run Build Command(s):/usr/bin/make cmTC_c73a5/fast && make[1]: Entering directory '/home/tgcrystal/college/tmp/cmake/Help/guide/tutorial/Step5_build/CMakeFiles/CMakeTmp'
/usr/bin/make  -f CMakeFiles/cmTC_c73a5.dir/build.make CMakeFiles/cmTC_c73a5.dir/build
make[2]: Entering directory '/home/tgcrystal/college/tmp/cmake/Help/guide/tutorial/Step5_build/CMakeFiles/CMakeTmp'
Building C object CMakeFiles/cmTC_c73a5.dir/CheckSymbolExists.c.o
/usr/bin/cc    -o CMakeFiles/cmTC_c73a5.dir/CheckSymbolExists.c.o -c /home/tgcrystal/college/tmp/cmake/Help/guide/tutorial/Step5_build/CMakeFiles/CMakeTmp/CheckSymbolExists.c
Linking C executable cmTC_c73a5
/home/tgcrystal/.local/lib/python3.8/site-packages/cmake/data/bin/cmake -E cmake_link_script CMakeFiles/cmTC_c73a5.dir/link.txt --verbose=1
/usr/bin/cc CMakeFiles/cmTC_c73a5.dir/CheckSymbolExists.c.o -o cmTC_c73a5 
/usr/bin/ld: CMakeFiles/cmTC_c73a5.dir/CheckSymbolExists.c.o: in function `main':
CheckSymbolExists.c:(.text+0x1f): undefined reference to `exp'
collect2: error: ld returned 1 exit status
make[2]: *** [CMakeFiles/cmTC_c73a5.dir/build.make:106: cmTC_c73a5] Error 1
make[2]: Leaving directory '/home/tgcrystal/college/tmp/cmake/Help/guide/tutorial/Step5_build/CMakeFiles/CMakeTmp'
make[1]: *** [Makefile:140: cmTC_c73a5/fast] Error 2
make[1]: Leaving directory '/home/tgcrystal/college/tmp/cmake/Help/guide/tutorial/Step5_build/CMakeFiles/CMakeTmp'


File /home/tgcrystal/college/tmp/cmake/Help/guide/tutorial/Step5_build/CMakeFiles/CMakeTmp/CheckSymbolExists.c:
/* */
#include <math.h>

int main(int argc, char** argv)
{
  (void)argv;
#ifndef exp
  return ((int*)(&exp))[argc];
#else
  (void)argc;
  return 0;
#endif
}
